Using pre-set license
Built from '2020.3/staging' branch; Version is '2020.3.24f1 (79c78de19888) revision 7980941'; Using compiler version '192528614'; Build Type 'Release'
OS: 'Windows 10  (10.0.19043) 64bit CoreSingleLanguage' Language: 'en' Physical Memory: 8078 MB
BatchMode: 1, IsHumanControllingUs: 0, StartBugReporterOnCrash: 0, Is64bit: 1, IsPro: 0

COMMAND LINE ARGUMENTS:
C:\Program Files\Unity\Hub\Editor\2020.3.24f1\Editor\Unity.exe
-adb2
-batchMode
-noUpm
-name
AssetImportWorker0
-projectPath
C:/Users/Aryan's/Desktop/tank-battle
-logFile
Logs/AssetImportWorker0.log
-srvPort
57931
Successfully changed project path to: C:/Users/Aryan's/Desktop/tank-battle
C:/Users/Aryan's/Desktop/tank-battle
Using Asset Import Pipeline V2.
Refreshing native plugins compatible for Editor in 76.80 ms, found 2 plugins.
Preloading 0 native plugins for Editor in 0.00 ms.
Initialize engine version: 2020.3.24f1 (79c78de19888)
[Subsystems] Discovering subsystems at path C:/Program Files/Unity/Hub/Editor/2020.3.24f1/Editor/Data/Resources/UnitySubsystems
[Subsystems] Discovering subsystems at path C:/Users/Aryan's/Desktop/tank-battle/Assets
GfxDevice: creating device client; threaded=0
Direct3D:
    Version:  Direct3D 11.0 [level 11.1]
    Renderer: NVIDIA GeForce MX150 (ID=0x1d10)
    Vendor:   
    VRAM:     1983 MB
    Driver:   27.21.14.5167
Initialize mono
Mono path[0] = 'C:/Program Files/Unity/Hub/Editor/2020.3.24f1/Editor/Data/Managed'
Mono path[1] = 'C:/Program Files/Unity/Hub/Editor/2020.3.24f1/Editor/Data/MonoBleedingEdge/lib/mono/unityjit'
Mono config path = 'C:/Program Files/Unity/Hub/Editor/2020.3.24f1/Editor/Data/MonoBleedingEdge/etc'
Using monoOptions --debugger-agent=transport=dt_socket,embedding=1,server=y,suspend=n,address=127.0.0.1:56364
Begin MonoManager ReloadAssembly
Registering precompiled unity dll's ...
Register platform support module: C:/Program Files/Unity/Hub/Editor/2020.3.24f1/Editor/Data/PlaybackEngines/WindowsStandaloneSupport/UnityEditor.WindowsStandalone.Extensions.dll
Registered in 0.002696 seconds.
Native extension for WindowsStandalone target not found
Refreshing native plugins compatible for Editor in 61.36 ms, found 2 plugins.
Preloading 0 native plugins for Editor in 0.00 ms.
Mono: successfully reloaded assembly
- Completed reload, in  0.758 seconds
Domain Reload Profiling:
	ReloadAssembly (758ms)
		BeginReloadAssembly (64ms)
			ExecutionOrderSort (0ms)
			DisableScriptedObjects (0ms)
			BackupInstance (0ms)
			ReleaseScriptingObjects (0ms)
			CreateAndSetChildDomain (1ms)
		EndReloadAssembly (610ms)
			LoadAssemblies (60ms)
			RebuildTransferFunctionScriptingTraits (0ms)
			SetupTypeCache (245ms)
			ReleaseScriptCaches (0ms)
			RebuildScriptCaches (36ms)
			SetupLoadedEditorAssemblies (208ms)
				LogAssemblyErrors (0ms)
				InitializePlatformSupportModulesInManaged (5ms)
				SetLoadedEditorAssemblies (0ms)
				RefreshPlugins (61ms)
				BeforeProcessingInitializeOnLoad (19ms)
				ProcessInitializeOnLoadAttributes (89ms)
				ProcessInitializeOnLoadMethodAttributes (34ms)
				AfterProcessingInitializeOnLoad (0ms)
				EditorAssembliesLoaded (0ms)
			ExecutionOrderSort2 (0ms)
			AwakeInstancesAfterBackupRestoration (0ms)
Platform modules already initialized, skipping
Registering precompiled user dll's ...
Registered in 0.007937 seconds.
Begin MonoManager ReloadAssembly
Native extension for WindowsStandalone target not found
Refreshing native plugins compatible for Editor in 0.92 ms, found 2 plugins.
Preloading 0 native plugins for Editor in 0.00 ms.
Mono: successfully reloaded assembly
- Completed reload, in  1.562 seconds
Domain Reload Profiling:
	ReloadAssembly (1562ms)
		BeginReloadAssembly (180ms)
			ExecutionOrderSort (0ms)
			DisableScriptedObjects (5ms)
			BackupInstance (0ms)
			ReleaseScriptingObjects (0ms)
			CreateAndSetChildDomain (22ms)
		EndReloadAssembly (1298ms)
			LoadAssemblies (130ms)
			RebuildTransferFunctionScriptingTraits (0ms)
			SetupTypeCache (419ms)
			ReleaseScriptCaches (1ms)
			RebuildScriptCaches (65ms)
			SetupLoadedEditorAssemblies (543ms)
				LogAssemblyErrors (0ms)
				InitializePlatformSupportModulesInManaged (6ms)
				SetLoadedEditorAssemblies (1ms)
				RefreshPlugins (1ms)
				BeforeProcessingInitializeOnLoad (140ms)
				ProcessInitializeOnLoadAttributes (316ms)
				ProcessInitializeOnLoadMethodAttributes (67ms)
				AfterProcessingInitializeOnLoad (11ms)
				EditorAssembliesLoaded (0ms)
			ExecutionOrderSort2 (0ms)
			AwakeInstancesAfterBackupRestoration (8ms)
Platform modules already initialized, skipping
========================================================================
Worker process is ready to serve import requests
Launched and connected shader compiler UnityShaderCompiler.exe after 0.40 seconds
Refreshing native plugins compatible for Editor in 0.82 ms, found 2 plugins.
Preloading 0 native plugins for Editor in 0.00 ms.
Unloading 2226 Unused Serialized files (Serialized files now loaded: 0)
System memory in use before: 91.8 MB.
System memory in use after: 91.9 MB.

Unloading 58 unused Assets to reduce memory usage. Loaded Objects now: 2631.
Total: 8.006000 ms (FindLiveObjects: 0.274500 ms CreateObjectMapping: 0.117100 ms MarkObjects: 7.508800 ms  DeleteObjects: 0.104500 ms)

AssetImportParameters requested are different than current active one (requested -> active):
  custom:framework-win-MediaFoundation: 216162199b28c13a410421893ffa2e32 -> 
  custom:video-decoder-ogg-theora: a1e56fd34408186e4bbccfd4996cb3dc -> 
  custom:container-muxer-webm: aa71ff27fc2769a1b78a27578f13a17b -> 
  custom:container-demuxer-webm: 4f35f7cbe854078d1ac9338744f61a02 -> 
  custom:container-demuxer-ogg: 62fdf1f143b41e24485cea50d1cbac27 -> 
  custom:video-encoder-webm-vp8: eb34c28f22e8b96e1ab97ce403110664 -> 
  custom:video-decoder-webm-vp8: 9c59270c3fd7afecdb556c50c9e8de78 -> 
  custom:audio-decoder-ogg-vorbis: bf7c407c2cedff20999df2af8eb42d56 -> 
  custom:audio-encoder-webm-vorbis: bf7c407c2cedff20999df2af8eb42d56 -> 
========================================================================
Received Import Request.
  path: Assets/Scripts/scriptableObjects/blueTank.asset
  artifactKey: Guid(52d349a9122644a45b3c0eb02f483c12) Importer(815301076,1909f56bfc062723c751e8b465ee728b)
Start importing Assets/Scripts/scriptableObjects/blueTank.asset using Guid(52d349a9122644a45b3c0eb02f483c12) Importer(815301076,1909f56bfc062723c751e8b465ee728b)  -> (artifact id: '4eeb95b7ae85ea9fdbc27aae529d9b99') in 0.037798 seconds 
  Import took 0.041703 seconds .

========================================================================
Received Import Request.
  Time since last request: 92.610986 seconds.
  path: Assets/Scripts/scriptableObjects/tankScriptableObject.asset
  artifactKey: Guid(f87d1de138fdd6741aabb95f5d9354fc) Importer(815301076,1909f56bfc062723c751e8b465ee728b)
Start importing Assets/Scripts/scriptableObjects/tankScriptableObject.asset using Guid(f87d1de138fdd6741aabb95f5d9354fc) Importer(815301076,1909f56bfc062723c751e8b465ee728b)  -> (artifact id: '5214f262ec80a0cab555b33d99b2cf3e') in 0.008279 seconds 
  Import took 0.012576 seconds .

========================================================================
Received Import Request.
  Time since last request: 31.560059 seconds.
  path: Assets/Scripts/scriptableObjects/redTank.asset
  artifactKey: Guid(f87d1de138fdd6741aabb95f5d9354fc) Importer(815301076,1909f56bfc062723c751e8b465ee728b)
Start importing Assets/Scripts/scriptableObjects/redTank.asset using Guid(f87d1de138fdd6741aabb95f5d9354fc) Importer(815301076,1909f56bfc062723c751e8b465ee728b)  -> (artifact id: 'cca722525706ea76074bfc53711ccd77') in 0.007206 seconds 
  Import took 0.011341 seconds .

========================================================================
Received Import Request.
  Time since last request: 7.022472 seconds.
  path: Assets/Scripts/scriptableObjects/tankScriptableObject.asset
  artifactKey: Guid(441d35f23bfac9f4f95dd22319eece6a) Importer(815301076,1909f56bfc062723c751e8b465ee728b)
Start importing Assets/Scripts/scriptableObjects/tankScriptableObject.asset using Guid(441d35f23bfac9f4f95dd22319eece6a) Importer(815301076,1909f56bfc062723c751e8b465ee728b)  -> (artifact id: '61f60ef2ddd0e8532caba2100fa46001') in 0.007037 seconds 
  Import took 0.012070 seconds .

========================================================================
Received Import Request.
  Time since last request: 29.457927 seconds.
  path: Assets/Scripts/scriptableObjects/greenTank.asset
  artifactKey: Guid(441d35f23bfac9f4f95dd22319eece6a) Importer(815301076,1909f56bfc062723c751e8b465ee728b)
Start importing Assets/Scripts/scriptableObjects/greenTank.asset using Guid(441d35f23bfac9f4f95dd22319eece6a) Importer(815301076,1909f56bfc062723c751e8b465ee728b)  -> (artifact id: 'cd7c2378723632d9804ee9dec5e16004') in 0.007692 seconds 
  Import took 0.011727 seconds .

========================================================================
Received Import Request.
  Time since last request: 16.174830 seconds.
  path: Assets/Scripts/scriptableObjects/enemyTank.asset
  artifactKey: Guid(bea920467fd2fb649a74127d28698dfa) Importer(815301076,1909f56bfc062723c751e8b465ee728b)
Start importing Assets/Scripts/scriptableObjects/enemyTank.asset using Guid(bea920467fd2fb649a74127d28698dfa) Importer(815301076,1909f56bfc062723c751e8b465ee728b)  -> (artifact id: '3bc4548dbc9fd354d2f3634bde3639a4') in 0.007747 seconds 
  Import took 0.011815 seconds .

========================================================================
Received Import Request.
  Time since last request: 40.195021 seconds.
  path: Assets/Scripts/scriptableObjects/tankScriptableObject.asset
  artifactKey: Guid(e2692a205ba88a740baa5309886adcf9) Importer(815301076,1909f56bfc062723c751e8b465ee728b)
Start importing Assets/Scripts/scriptableObjects/tankScriptableObject.asset using Guid(e2692a205ba88a740baa5309886adcf9) Importer(815301076,1909f56bfc062723c751e8b465ee728b)  -> (artifact id: 'c59dbaa7e9186bde119949243037a972') in 0.007450 seconds 
  Import took 0.011343 seconds .

========================================================================
Received Import Request.
  Time since last request: 35.003511 seconds.
  path: Assets/Scripts/scriptableObjects/enemyTank.asset
  artifactKey: Guid(e2692a205ba88a740baa5309886adcf9) Importer(815301076,1909f56bfc062723c751e8b465ee728b)
Start importing Assets/Scripts/scriptableObjects/enemyTank.asset using Guid(e2692a205ba88a740baa5309886adcf9) Importer(815301076,1909f56bfc062723c751e8b465ee728b)  -> (artifact id: 'f08a7a5ddf2423a1800148b472a461cf') in 0.006288 seconds 
  Import took 0.010711 seconds .

========================================================================
Received Import Request.
  Time since last request: 980.342158 seconds.
  path: Assets/Scripts/tank/tankView.cs
  artifactKey: Guid(928b9cc66b6483749a209a7c10119192) Importer(815301076,1909f56bfc062723c751e8b465ee728b)
Start importing Assets/Scripts/tank/tankView.cs using Guid(928b9cc66b6483749a209a7c10119192) Importer(815301076,1909f56bfc062723c751e8b465ee728b)  -> (artifact id: '68c6b97dd709ef559d34522a791e20cb') in 0.080072 seconds 
  Import took 0.084495 seconds .

========================================================================
Received Import Request.
  Time since last request: 0.436701 seconds.
  path: Assets/Scripts/tank/tankService.cs
  artifactKey: Guid(990bf5376ca63374eab11f355a127f0e) Importer(815301076,1909f56bfc062723c751e8b465ee728b)
Start importing Assets/Scripts/tank/tankService.cs using Guid(990bf5376ca63374eab11f355a127f0e) Importer(815301076,1909f56bfc062723c751e8b465ee728b)  -> (artifact id: '1ef6155fe96fd6ce705941db958bbd1a') in 0.004175 seconds 
  Import took 0.007883 seconds .

========================================================================
Received Import Request.
  Time since last request: 5.960487 seconds.
  path: Assets/Scripts/tank/tankType.cs
  artifactKey: Guid(9b6b08ab8628f324db4365dd1a247a78) Importer(815301076,1909f56bfc062723c751e8b465ee728b)
Start importing Assets/Scripts/tank/tankType.cs using Guid(9b6b08ab8628f324db4365dd1a247a78) Importer(815301076,1909f56bfc062723c751e8b465ee728b)  -> (artifact id: '57d44d5c326d3f8c14ea0bf6c923de1e') in 0.005155 seconds 
  Import took 0.009267 seconds .

========================================================================
Received Import Request.
  Time since last request: 2.952174 seconds.
  path: Assets/Scripts/tank/tankModel.cs
  artifactKey: Guid(33ff0164872c3994e80144a54e04a80b) Importer(815301076,1909f56bfc062723c751e8b465ee728b)
Start importing Assets/Scripts/tank/tankModel.cs using Guid(33ff0164872c3994e80144a54e04a80b) Importer(815301076,1909f56bfc062723c751e8b465ee728b)  -> (artifact id: '2a4a4e0509ae8065433cc0641c4567b9') in 0.004725 seconds 
  Import took 0.008852 seconds .

========================================================================
Received Import Request.
  Time since last request: 1.156598 seconds.
  path: Assets/Scripts/tank/tankController.cs
  artifactKey: Guid(6ab44c077d973dd46a92a3c68e7d9d0b) Importer(815301076,1909f56bfc062723c751e8b465ee728b)
Start importing Assets/Scripts/tank/tankController.cs using Guid(6ab44c077d973dd46a92a3c68e7d9d0b) Importer(815301076,1909f56bfc062723c751e8b465ee728b)  -> (artifact id: '0524c72abbb1b809ac02e31749455ea4') in 0.004887 seconds 
  Import took 0.008848 seconds .

========================================================================
Received Import Request.
  Time since last request: 396.000092 seconds.
  path: Assets/tankView.prefab
  artifactKey: Guid(0ddcc6f6a21980e499fcb63a0c023cff) Importer(815301076,1909f56bfc062723c751e8b465ee728b)
Start importing Assets/tankView.prefab using Guid(0ddcc6f6a21980e499fcb63a0c023cff) Importer(815301076,1909f56bfc062723c751e8b465ee728b)  -> (artifact id: 'afebcd3249340ba186a2df7d8abd84c3') in 0.030860 seconds 
  Import took 0.035250 seconds .

AssetImportWorkerClient::OnTransportError - code=2 error=End of file
